<?xml version="1.0" encoding="UTF-8"?>
<testng-results skipped="0" failed="0" total="2" passed="2">
  <reporter-output>
  </reporter-output>
  <suite name="Default suite" duration-ms="807" started-at="2019-11-18T07:52:45Z" finished-at="2019-11-18T07:52:45Z">
    <groups>
    </groups>
    <test name="Default test" duration-ms="807" started-at="2019-11-18T07:52:45Z" finished-at="2019-11-18T07:52:45Z">
      <class name="com.test.demo.LanchTest">
        <test-method status="PASS" signature="test001()[pri:0, instance:com.test.demo.LanchTest@148db48]" name="test001" duration-ms="347" started-at="2019-11-18T15:52:45Z" finished-at="2019-11-18T15:52:45Z">
          <reporter-output>
          </reporter-output>
        </test-method> <!-- test001 -->
        <test-method status="PASS" signature="test002()[pri:0, instance:com.test.demo.LanchTest@148db48]" name="test002" duration-ms="5" started-at="2019-11-18T15:52:45Z" finished-at="2019-11-18T15:52:45Z">
          <reporter-output>
          </reporter-output>
        </test-method> <!-- test002 -->
      </class> <!-- com.test.demo.LanchTest -->
    </test> <!-- Default test -->
  </suite> <!-- Default suite -->
</testng-results>
