<?xml version="1.0" encoding="UTF-8"?>
<testsuite xmlns:xsi="http://www.w3.org/2001/XMLSchema-instance" xsi:noNamespaceSchemaLocation="https://maven.apache.org/surefire/maven-surefire-plugin/xsd/surefire-test-report.xsd" name="com.test.demo.LanchTest" time="1.049" tests="2" errors="0" skipped="0" failures="0">
  <properties>
[...]
</properties>
  <testcase name="test001" classname="com.test.demo.LanchTest" time="0.079"/>
  <testcase name="test002" classname="com.test.demo.LanchTest" time="0.003"/>
</testsuite>